<?xml version="1.0" encoding="utf-8"?><testsuites name="pytest tests"><testsuite name="pytest" errors="0" failures="0" skipped="0" tests="21" time="0.376" timestamp="2026-04-24T14:08:10.101277+05:30" hostname="opstree-Latitude-3420"><testcase classname="tests.unit.test_attendance_unit.TestHealthEndpoint" name="test_health_mysql_up" time="0.012" /><testcase classname="tests.unit.test_attendance_unit.TestHealthEndpoint" name="test_health_mysql_down" time="0.004" /><testcase classname="tests.unit.test_attendance_unit.TestHealthEndpoint" name="test_health_ping_fails" time="0.002" /><testcase classname="tests.unit.test_attendance_unit.TestHealthEndpoint" name="test_health_returns_json" time="0.002" /><testcase classname="tests.unit.test_attendance_unit.TestHealthEndpoint" name="test_health_method_not_allowed" time="0.002" /><testcase classname="tests.unit.test_attendance_unit.TestCreateEndpoint" name="test_create_success" time="0.003" /><testcase classname="tests.unit.test_attendance_unit.TestCreateEndpoint" name="test_create_mysql_connection_fails" time="0.002" /><testcase classname="tests.unit.test_attendance_unit.TestCreateEndpoint" name="test_create_insert_fails" time="0.003" /><testcase classname="tests.unit.test_attendance_unit.TestCreateEndpoint" name="test_create_with_absent_status" time="0.002" /><testcase classname="tests.unit.test_attendance_unit.TestCreateEndpoint" name="test_create_table_creation_called" time="0.002" /><testcase classname="tests.unit.test_attendance_unit.TestCreateEndpoint" name="test_create_returns_json" time="0.002" /><testcase classname="tests.unit.test_attendance_unit.TestSearchEndpoint" name="test_search_success_with_data" time="0.002" /><testcase classname="tests.unit.test_attendance_unit.TestSearchEndpoint" name="test_search_empty_result" time="0.002" /><testcase classname="tests.unit.test_attendance_unit.TestSearchEndpoint" name="test_search_mysql_fails" time="0.002" /><testcase classname="tests.unit.test_attendance_unit.TestSearchEndpoint" name="test_search_multiple_records" time="0.003" /><testcase classname="tests.unit.test_attendance_unit.TestSearchEndpoint" name="test_search_returns_json" time="0.002" /><testcase classname="tests.unit.test_attendance_unit.TestSearchEndpoint" name="test_search_record_fields" time="0.003" /><testcase classname="tests.unit.test_attendance_unit.TestRouting" name="test_unknown_route_returns_404" time="0.002" /><testcase classname="tests.unit.test_attendance_unit.TestRouting" name="test_unknown_post_route" time="0.001" /><testcase classname="tests.unit.test_attendance_unit.TestMysqlClient" name="test_create_mysql_client_called_with_correct_params" time="0.001" /><testcase classname="tests.unit.test_attendance_unit.TestMysqlClient" name="test_create_mysql_client_returns_connection" time="0.001" /></testsuite></testsuites>