<?xml version="1.0" encoding="utf-8"?><testsuites name="pytest tests"><testsuite name="pytest" errors="0" failures="1" skipped="0" tests="21" time="0.472" timestamp="2026-04-24T12:10:27.517809+05:30" hostname="opstree-Latitude-3420"><testcase classname="tests.unit.test_attendance_unit.TestHealthEndpoint" name="test_health_mysql_up" time="0.009" /><testcase classname="tests.unit.test_attendance_unit.TestHealthEndpoint" name="test_health_mysql_down" time="0.003" /><testcase classname="tests.unit.test_attendance_unit.TestHealthEndpoint" name="test_health_ping_fails" time="0.002" /><testcase classname="tests.unit.test_attendance_unit.TestHealthEndpoint" name="test_health_returns_json" time="0.002" /><testcase classname="tests.unit.test_attendance_unit.TestHealthEndpoint" name="test_health_method_not_allowed" time="0.001" /><testcase classname="tests.unit.test_attendance_unit.TestCreateEndpoint" name="test_create_success" time="0.003" /><testcase classname="tests.unit.test_attendance_unit.TestCreateEndpoint" name="test_create_mysql_connection_fails" time="0.002"><failure message="TypeError: The view function did not return a valid response. The return type must be a string, dict, list, tuple with headers or status, Response instance, or WSGI callable, but it was a int.">self = &lt;test_attendance_unit.TestCreateEndpoint object at 0x794a9ae9ec00&gt;, client = &lt;FlaskClient &lt;Flask 'attendance_api'&gt;&gt;

    def test_create_mysql_connection_fails(self, client):
        """Source code mein bug hai — 400 int return karta hai, isliye status check nahi"""
        with patch('attendance_api.create_mysql_client', side_effect=Exception("DB error")):
&gt;           response = client.post(
                '/attendance/create',
                data=self._make_payload(),
                content_type='application/json'
            )

tests/unit/test_attendance_unit.py:83: 
_ _ _ _ _ _ _ _ _ _ _ _ _ _ _ _ _ _ _ _ _ _ _ _ _ _ _ _ _ _ _ _ _ _ _ _ _ _ _ _ _ _ _ _ _ _ _ _ _ _ _ _ _ _ _ _ _ _ _ _ _ _ _ _ 
../../../.local/lib/python3.12/site-packages/werkzeug/test.py:1167: in post
    return self.open(*args, **kw)
           ^^^^^^^^^^^^^^^^^^^^^^
../../../.local/lib/python3.12/site-packages/flask/testing.py:235: in open
    response = super().open(
../../../.local/lib/python3.12/site-packages/werkzeug/test.py:1116: in open
    response_parts = self.run_wsgi_app(request.environ, buffered=buffered)
                     ^^^^^^^^^^^^^^^^^^^^^^^^^^^^^^^^^^^^^^^^^^^^^^^^^^^^^
../../../.local/lib/python3.12/site-packages/werkzeug/test.py:988: in run_wsgi_app
    rv = run_wsgi_app(self.application, environ, buffered=buffered)
         ^^^^^^^^^^^^^^^^^^^^^^^^^^^^^^^^^^^^^^^^^^^^^^^^^^^^^^^^^^
../../../.local/lib/python3.12/site-packages/werkzeug/test.py:1264: in run_wsgi_app
    app_rv = app(environ, start_response)
             ^^^^^^^^^^^^^^^^^^^^^^^^^^^^
../../../.local/lib/python3.12/site-packages/flask/app.py:1536: in __call__
    return self.wsgi_app(environ, start_response)
           ^^^^^^^^^^^^^^^^^^^^^^^^^^^^^^^^^^^^^^
../../../.local/lib/python3.12/site-packages/flask/app.py:1514: in wsgi_app
    response = self.handle_exception(e)
               ^^^^^^^^^^^^^^^^^^^^^^^^
../../../.local/lib/python3.12/site-packages/flask/app.py:1511: in wsgi_app
    response = self.full_dispatch_request()
               ^^^^^^^^^^^^^^^^^^^^^^^^^^^^
../../../.local/lib/python3.12/site-packages/flask/app.py:920: in full_dispatch_request
    return self.finalize_request(rv)
           ^^^^^^^^^^^^^^^^^^^^^^^^^
../../../.local/lib/python3.12/site-packages/flask/app.py:939: in finalize_request
    response = self.make_response(rv)
               ^^^^^^^^^^^^^^^^^^^^^^
_ _ _ _ _ _ _ _ _ _ _ _ _ _ _ _ _ _ _ _ _ _ _ _ _ _ _ _ _ _ _ _ _ _ _ _ _ _ _ _ _ _ _ _ _ _ _ _ _ _ _ _ _ _ _ _ _ _ _ _ _ _ _ _ 

self = &lt;Flask 'attendance_api'&gt;, rv = 400

    def make_response(self, rv: ft.ResponseReturnValue) -&gt; Response:
        """Convert the return value from a view function to an instance of
        :attr:`response_class`.
    
        :param rv: the return value from the view function. The view function
            must return a response. Returning ``None``, or the view ending
            without returning, is not allowed. The following types are allowed
            for ``view_rv``:
    
            ``str``
                A response object is created with the string encoded to UTF-8
                as the body.
    
            ``bytes``
                A response object is created with the bytes as the body.
    
            ``dict``
                A dictionary that will be jsonify'd before being returned.
    
            ``list``
                A list that will be jsonify'd before being returned.
    
            ``generator`` or ``iterator``
                A generator that returns ``str`` or ``bytes`` to be
                streamed as the response.
    
            ``tuple``
                Either ``(body, status, headers)``, ``(body, status)``, or
                ``(body, headers)``, where ``body`` is any of the other types
                allowed here, ``status`` is a string or an integer, and
                ``headers`` is a dictionary or a list of ``(key, value)``
                tuples. If ``body`` is a :attr:`response_class` instance,
                ``status`` overwrites the exiting value and ``headers`` are
                extended.
    
            :attr:`response_class`
                The object is returned unchanged.
    
            other :class:`~werkzeug.wrappers.Response` class
                The object is coerced to :attr:`response_class`.
    
            :func:`callable`
                The function is called as a WSGI application. The result is
                used to create a response object.
    
        .. versionchanged:: 2.2
            A generator will be converted to a streaming response.
            A list will be converted to a JSON response.
    
        .. versionchanged:: 1.1
            A dict will be converted to a JSON response.
    
        .. versionchanged:: 0.9
           Previously a tuple was interpreted as the arguments for the
           response object.
        """
    
        status: int | None = None
        headers: HeadersValue | None = None
    
        # unpack tuple returns
        if isinstance(rv, tuple):
            len_rv = len(rv)
    
            # a 3-tuple is unpacked directly
            if len_rv == 3:
                rv, status, headers = rv  # type: ignore[misc]
            # decide if a 2-tuple has status or headers
            elif len_rv == 2:
                if isinstance(rv[1], (Headers, dict, tuple, list)):
                    rv, headers = rv  # pyright: ignore
                else:
                    rv, status = rv  # type: ignore[assignment,misc]
            # other sized tuples are not allowed
            else:
                raise TypeError(
                    "The view function did not return a valid response tuple."
                    " The tuple must have the form (body, status, headers),"
                    " (body, status), or (body, headers)."
                )
    
        # the body must not be None
        if rv is None:
            raise TypeError(
                f"The view function for {request.endpoint!r} did not"
                " return a valid response. The function either returned"
                " None or ended without a return statement."
            )
    
        # make sure the body is an instance of the response class
        if not isinstance(rv, self.response_class):
            if isinstance(rv, (str, bytes, bytearray)) or isinstance(rv, cabc.Iterator):
                # let the response class set the status and headers instead of
                # waiting to do it manually, so that the class can handle any
                # special logic
                rv = self.response_class(
                    rv,  # pyright: ignore
                    status=status,
                    headers=headers,  # type: ignore[arg-type]
                )
                status = headers = None
            elif isinstance(rv, (dict, list)):
                rv = self.json.response(rv)
            elif isinstance(rv, BaseResponse) or callable(rv):
                # evaluate a WSGI callable, or coerce a different response
                # class to the correct type
                try:
                    rv = self.response_class.force_type(
                        rv,  # type: ignore[arg-type]
                        request.environ,
                    )
                except TypeError as e:
                    raise TypeError(
                        f"{e}\nThe view function did not return a valid"
                        " response. The return type must be a string,"
                        " dict, list, tuple with headers or status,"
                        " Response instance, or WSGI callable, but it"
                        f" was a {type(rv).__name__}."
                    ).with_traceback(sys.exc_info()[2]) from None
            else:
&gt;               raise TypeError(
                    "The view function did not return a valid"
                    " response. The return type must be a string,"
                    " dict, list, tuple with headers or status,"
                    " Response instance, or WSGI callable, but it was a"
                    f" {type(rv).__name__}."
                )
E               TypeError: The view function did not return a valid response. The return type must be a string, dict, list, tuple with headers or status, Response instance, or WSGI callable, but it was a int.

../../../.local/lib/python3.12/site-packages/flask/app.py:1249: TypeError</failure></testcase><testcase classname="tests.unit.test_attendance_unit.TestCreateEndpoint" name="test_create_insert_fails" time="0.003" /><testcase classname="tests.unit.test_attendance_unit.TestCreateEndpoint" name="test_create_with_absent_status" time="0.003" /><testcase classname="tests.unit.test_attendance_unit.TestCreateEndpoint" name="test_create_table_creation_called" time="0.002" /><testcase classname="tests.unit.test_attendance_unit.TestCreateEndpoint" name="test_create_returns_json" time="0.002" /><testcase classname="tests.unit.test_attendance_unit.TestSearchEndpoint" name="test_search_success_with_data" time="0.002" /><testcase classname="tests.unit.test_attendance_unit.TestSearchEndpoint" name="test_search_empty_result" time="0.002" /><testcase classname="tests.unit.test_attendance_unit.TestSearchEndpoint" name="test_search_mysql_fails" time="0.002" /><testcase classname="tests.unit.test_attendance_unit.TestSearchEndpoint" name="test_search_multiple_records" time="0.002" /><testcase classname="tests.unit.test_attendance_unit.TestSearchEndpoint" name="test_search_returns_json" time="0.002" /><testcase classname="tests.unit.test_attendance_unit.TestSearchEndpoint" name="test_search_record_fields" time="0.003" /><testcase classname="tests.unit.test_attendance_unit.TestRouting" name="test_unknown_route_returns_404" time="0.002" /><testcase classname="tests.unit.test_attendance_unit.TestRouting" name="test_unknown_post_route" time="0.002" /><testcase classname="tests.unit.test_attendance_unit.TestMysqlClient" name="test_create_mysql_client_called_with_correct_params" time="0.001" /><testcase classname="tests.unit.test_attendance_unit.TestMysqlClient" name="test_create_mysql_client_returns_connection" time="0.001" /></testsuite></testsuites>